This file contains any messages produced by compilers while
running configure, to aid debugging if configure makes a mistake.

It was created by preview-latex configure 11.84, which was
generated by GNU Autoconf 2.61.  Invocation command line was

  $ ./configure --prefix=/usr/local --cache-file=/dev/null --srcdir=.

## --------- ##
## Platform. ##
## --------- ##

hostname = 44-028.eduroam.rwth-aachen.de
uname -m = i386
uname -r = 10.0.0
uname -s = Darwin
uname -v = Darwin Kernel Version 10.0.0: Fri Jul 31 22:47:34 PDT 2009; root:xnu-1456.1.25~1/RELEASE_I386

/usr/bin/uname -p = i386
/bin/uname -X     = unknown

/bin/arch              = unknown
/usr/bin/arch -k       = unknown
/usr/convex/getsysinfo = unknown
/usr/bin/hostinfo      = Mach kernel version:
	 Darwin Kernel Version 10.0.0: Fri Jul 31 22:47:34 PDT 2009; root:xnu-1456.1.25~1/RELEASE_I386
Kernel configured for up to 2 processors.
2 processors are physically available.
2 processors are logically available.
Processor type: i486 (Intel 80486)
Processors active: 0 1
Primary memory available: 4.00 gigabytes
Default processor set: 101 tasks, 376 threads, 2 processors
Load average: 0.94, Mach factor: 1.06
/bin/machine           = unknown
/usr/bin/oslevel       = unknown
/bin/universe          = unknown

PATH: /opt/local/bin
PATH: /opt/local/sbin
PATH: ~/bin
PATH: ~/.cabal/bin
PATH: ~/local/jswat/bin
PATH: 
/Applications/Octave.app/Contents/Resources/bin/
PATH: /Applications/Mathematica.app/Contents/MacOS/
PATH: /Applications/Maxima.app/Contents/Resources/bin/
PATH: 
/Applications/sage/
PATH: /usr/bin
PATH: /bin
PATH: /usr/sbin
PATH: /sbin
PATH: /usr/local/bin
PATH: /opt/local/bin
PATH: /opt/local/sbin
PATH: /opt/local/bin/
PATH: /opt/local/sbin/
PATH: /usr/X11/bin


## ----------- ##
## Core tests. ##
## ----------- ##

configure:1683: checking whether make sets $(MAKE)
configure:1704: result: yes
configure:1757: checking for a BSD-compatible install
configure:1813: result: /usr/bin/install -c
configure:1880: checking for /usr/bin/emacs
configure:1910: result: /usr/bin/emacs
configure:1928: checking if /usr/bin/emacs is XEmacs
/usr/bin/emacs -batch -no-site-file -eval (let* ((x (if (featurep (quote xemacs)) "yes" "no"))) (write-region (if (stringp x) x (prin1-to-string x)) nil "./conftest-35063"))
Wrote /Users/andrea/.emacs.d/auctex-11.85/preview/conftest-35063
=> no
configure:1950: result: no
configure:1954: checking for Emacs prefix
/usr/bin/emacs -batch -no-site-file -eval (let* ((cmd(pop command-line-args-left))(x (condition-case nil (let*
    ((prefix (directory-file-name (file-name-directory (executable-find cmd))))
     (parent (directory-file-name (file-name-directory prefix))))
    (if (string= (file-name-nondirectory prefix) "bin")
        (setq prefix parent)
      (if (string= (file-name-nondirectory parent) "bin")
         (setq prefix (directory-file-name (file-name-directory parent)))))
    prefix) (error NONE)))) (write-region (if (stringp x) x (prin1-to-string x)) nil "./conftest-35063")) /usr/bin/emacs
Wrote /Users/andrea/.emacs.d/auctex-11.85/preview/conftest-35063
=> /usr
configure:1973: result: "/usr"
configure:2005: checking if Emacs is recent enough
/usr/bin/emacs -batch -no-site-file -eval (let* ((x (cond ((< emacs-major-version 21) "no")
			 ((> emacs-major-version 21) "yes")
			 ((< emacs-minor-version 01) "no")
			 (t "yes")))) (write-region (if (stringp x) x (prin1-to-string x)) nil "./conftest-35063"))
Wrote /Users/andrea/.emacs.d/auctex-11.85/preview/conftest-35063
=> yes
configure:2019: result: yes
configure:2061: checking if build directory is valid
/usr/bin/emacs -batch -eval (let* ((x (if (or (member (directory-file-name default-directory) load-path)	      (member (file-name-as-directory default-directory) load-path))	 "no" "yes"))) (write-region (if (stringp x) x (prin1-to-string x)) nil "./conftest-35063"))
Wrote /Users/andrea/.emacs.d/auctex-11.85/preview/conftest-35063
=> yes
configure:2079: result: yes
configure:2171: checking where lisp files go
/usr/bin/emacs -batch -eval (let* ((prefix(pop command-line-args-left)) (expanded(pop command-line-args-left)) (x (catch 22
       (let (reldir (dirs load-path))
	  (dolist (name (list "emacs/site-lisp" "emacs/site-packages"
	         "site-lisp" "site-packages") "NONE")
	    (dolist (dir dirs)
	      (when (and dir
	      	         (setq dir (directory-file-name dir))
                         (file-name-absolute-p dir)
	      	         (file-directory-p dir)
	                 (not (string-match "\`\.\."
                           (setq reldir (file-relative-name dir expanded))))
			 (not (file-name-absolute-p reldir))
                         (let ((name name) (dir dir))
		           (while (and dir name
		                       (string= (file-name-nondirectory dir)
		                                (file-name-nondirectory name))
                              (setq dir (file-name-directory dir)
				   name (file-name-directory name))
			      (if (and dir name)
			         (setq dir (directory-file-name dir)
			              name (directory-file-name name)))))
		            (null name))
		   (throw 22
                      (if (string= reldir ".") (directory-file-name prefix)
                        (concat (file-name-as-directory prefix)
                                reldir))))))))))) (write-region (if (stringp x) x (prin1-to-string x)) nil "./conftest-35063")) ${datadir}/emacs /usr/local/share/emacs
Wrote /Users/andrea/.emacs.d/auctex-11.85/preview/conftest-35063
=> NONE
/usr/bin/emacs -batch -eval (let* ((prefix(pop command-line-args-left)) (expanded(pop command-line-args-left)) (x (catch 22
       (let (reldir (dirs load-path))
	  (dolist (name (list "emacs/site-lisp" "emacs/site-packages"
	         "site-lisp" "site-packages") "NONE")
	    (dolist (dir dirs)
	      (when (and dir
	      	         (setq dir (directory-file-name dir))
                         (file-name-absolute-p dir)
	      	         (file-directory-p dir)
	                 (not (string-match "\`\.\."
                           (setq reldir (file-relative-name dir expanded))))
			 (not (file-name-absolute-p reldir))
                         (let ((name name) (dir dir))
		           (while (and dir name
		                       (string= (file-name-nondirectory dir)
		                                (file-name-nondirectory name))
                              (setq dir (file-name-directory dir)
				   name (file-name-directory name))
			      (if (and dir name)
			         (setq dir (directory-file-name dir)
			              name (directory-file-name name)))))
		            (null name))
		   (throw 22
                      (if (string= reldir ".") (directory-file-name prefix)
                        (concat (file-name-as-directory prefix)
                                reldir))))))))))) (write-region (if (stringp x) x (prin1-to-string x)) nil "./conftest-35063")) ${libdir}/emacs /usr/local/lib/emacs
Wrote /Users/andrea/.emacs.d/auctex-11.85/preview/conftest-35063
=> NONE
/usr/bin/emacs -batch -eval (let* ((prefix(pop command-line-args-left)) (expanded(pop command-line-args-left)) (x (catch 22
       (let (reldir (dirs load-path))
	  (dolist (name (list "emacs/site-lisp" "emacs/site-packages"
	         "site-lisp" "site-packages") "NONE")
	    (dolist (dir dirs)
	      (when (and dir
	      	         (setq dir (directory-file-name dir))
                         (file-name-absolute-p dir)
	      	         (file-directory-p dir)
	                 (not (string-match "\`\.\."
                           (setq reldir (file-relative-name dir expanded))))
			 (not (file-name-absolute-p reldir))
                         (let ((name name) (dir dir))
		           (while (and dir name
		                       (string= (file-name-nondirectory dir)
		                                (file-name-nondirectory name))
                              (setq dir (file-name-directory dir)
				   name (file-name-directory name))
			      (if (and dir name)
			         (setq dir (directory-file-name dir)
			              name (directory-file-name name)))))
		            (null name))
		   (throw 22
                      (if (string= reldir ".") (directory-file-name prefix)
                        (concat (file-name-as-directory prefix)
                                reldir))))))))))) (write-region (if (stringp x) x (prin1-to-string x)) nil "./conftest-35063")) /usr/share/emacs /usr/share/emacs
Wrote /Users/andrea/.emacs.d/auctex-11.85/preview/conftest-35063
=> /usr/share/emacs/site-lisp
configure:2246: result: /usr/share/emacs/site-lisp
configure:2250: checking what file to use for preview startup
configure:2277: result: /usr/share/emacs/site-lisp/preview-latex.el
configure:2291: checking where the package lisp files go
/usr/bin/emacs -batch -no-site-file -eval (let* ((path(pop command-line-args-left)) (lispdir(pop command-line-args-left)) (startup(pop command-line-args-left)) (target(pop command-line-args-left))(x (progn (setq path (directory-file-name path))
  (if (or target
          (not (string= (car load-path) (directory-file-name (car load-path)))))
    (setq path (file-name-as-directory path)))
  (setq path (expand-file-name path lispdir))
  (setq startupdir (file-name-directory (expand-file-name startup lispdir)))
  (prin1-to-string
    (if (or (string-match "\`\.\."
              (setq relname (file-relative-name startupdir lispdir)))
            (file-name-absolute-p relname)
	    (string-match "\`\.\."
              (setq relname (file-relative-name path lispdir)))
 	    (file-name-absolute-p relname))
	  (concat path target)
	(cond (target
	       `(expand-file-name
                   ,(file-relative-name (concat path target) startupdir)
	           (file-name-directory load-file-name)))
              ((string= path startupdir)
	         '(file-name-directory load-file-name))
	      ((string= path (directory-file-name startupdir))
                 '(directory-file-name (file-name-directory load-file-name)))
              (t
	       `(expand-file-name
                   ,(file-relative-name path startupdir)
	           (file-name-directory load-file-name))))))))) (write-region (if (stringp x) x (prin1-to-string x)) nil "./conftest-35063")) /usr/share/emacs/site-lisp/auctex /usr/share/emacs/site-lisp /usr/share/emacs/site-lisp/preview-latex.el
Wrote /Users/andrea/.emacs.d/auctex-11.85/preview/conftest-35063
=> (expand-file-name "auctex" (file-name-directory load-file-name))
configure:2372: result: /usr/share/emacs/site-lisp/auctex
configure:2375: checking where the data files go
/usr/bin/emacs -batch -no-site-file -eval (let* ((path(pop command-line-args-left)) (lispdir(pop command-line-args-left)) (startup(pop command-line-args-left)) (target(pop command-line-args-left))(x (progn (setq path (directory-file-name path))
  (if (or target
          (not (string= (car load-path) (directory-file-name (car load-path)))))
    (setq path (file-name-as-directory path)))
  (setq path (expand-file-name path lispdir))
  (setq startupdir (file-name-directory (expand-file-name startup lispdir)))
  (prin1-to-string
    (if (or (string-match "\`\.\."
              (setq relname (file-relative-name startupdir lispdir)))
            (file-name-absolute-p relname)
	    (string-match "\`\.\."
              (setq relname (file-relative-name path lispdir)))
 	    (file-name-absolute-p relname))
	  (concat path target)
	(cond (target
	       `(expand-file-name
                   ,(file-relative-name (concat path target) startupdir)
	           (file-name-directory load-file-name)))
              ((string= path startupdir)
	         '(file-name-directory load-file-name))
	      ((string= path (directory-file-name startupdir))
                 '(directory-file-name (file-name-directory load-file-name)))
              (t
	       `(expand-file-name
                   ,(file-relative-name path startupdir)
	           (file-name-directory load-file-name))))))))) (write-region (if (stringp x) x (prin1-to-string x)) nil "./conftest-35063")) /usr/share/emacs/site-lisp/auctex /usr/share/emacs/site-lisp /usr/share/emacs/site-lisp/preview-latex.el
Wrote /Users/andrea/.emacs.d/auctex-11.85/preview/conftest-35063
=> (expand-file-name "auctex" (file-name-directory load-file-name))
configure:2456: result: /usr/share/emacs/site-lisp/auctex
configure:2463: checking for the location of AUCTeX's tex-site.el
configure:2517: result: ..
configure:2528: checking for gs
configure:2544: found /opt/local/bin/gs
configure:2555: result: gs
/usr/bin/emacs -batch -no-site-file -eval (let* ((dir(pop command-line-args-left))(x (if (member dir (list "NONE" (if (eq system-type 'windows-nt) "GSWIN32C.EXE" "gs"))) "" `(defvar preview-gs-command ,dir)))) (write-region (if (stringp x) x (prin1-to-string x)) nil "./conftest-35063")) gs
Wrote /Users/andrea/.emacs.d/auctex-11.85/preview/conftest-35063
=> 
configure:2583: checking for latex
configure:2601: found /opt/local/bin/latex
configure:2614: result: /opt/local/bin/latex
configure:2633: checking for pdflatex
configure:2651: found /opt/local/bin/pdflatex
configure:2663: result: /opt/local/bin/pdflatex
configure:2682: checking for tex
configure:2713: result: /opt/local/bin/tex
configure:2825: checking for prefix from kpsepath
/usr/bin/emacs -batch -no-site-file -eval (let* ((cmd(pop command-line-args-left))(x (condition-case nil (let*
    ((prefix (directory-file-name (file-name-directory (executable-find cmd))))
     (parent (directory-file-name (file-name-directory prefix))))
    (if (string= (file-name-nondirectory prefix) "bin")
        (setq prefix parent)
      (if (string= (file-name-nondirectory parent) "bin")
         (setq prefix (directory-file-name (file-name-directory parent)))))
    prefix) (error NONE)))) (write-region (if (stringp x) x (prin1-to-string x)) nil "./conftest-35063")) kpsepath
Wrote /Users/andrea/.emacs.d/auctex-11.85/preview/conftest-35063
=> /opt/local
configure:2849: result: "/opt/local"
configure:2852: checking for TDS-compliant directory
/usr/bin/emacs -batch -no-site-file -eval (let* ((prefix(pop command-line-args-left)) (expanded(pop command-line-args-left)) (pathoutput(pop command-line-args-left))(x (catch 22
       (let (reldir (dirs (mapcar (lambda(x)
              (and (string-match "\`!*\(.*\)/tex/latex//+\'" x)
	           (match-string 1 x)))
      (append (split-string pathoutput ";")
             (split-string pathoutput ":")))))
	  (dolist (name (list nil) "NONE")
	    (dolist (dir dirs)
	      (when (and dir
	      	         (setq dir (directory-file-name dir))
                         (file-name-absolute-p dir)
	      	         (file-directory-p dir)
	                 (not (string-match "\`\.\."
                           (setq reldir (file-relative-name dir expanded))))
			 (not (file-name-absolute-p reldir))
                         (let ((name name) (dir dir))
		           (while (and dir name
		                       (string= (file-name-nondirectory dir)
		                                (file-name-nondirectory name))
                              (setq dir (file-name-directory dir)
				   name (file-name-directory name))
			      (if (and dir name)
			         (setq dir (directory-file-name dir)
			              name (directory-file-name name)))))
		            (null name))
		   (throw 22
                      (if (string= reldir ".") (directory-file-name prefix)
                        (concat (file-name-as-directory prefix)
                                reldir))))))))))) (write-region (if (stringp x) x (prin1-to-string x)) nil "./conftest-35063")) ${datadir}/texmf /usr/local/share/texmf .:/Users/andrea/.texmf-config/tex/latex//:/Users/andrea/.texmf-var/tex/latex//:/Users/andrea/texmf/tex/latex//:!!/opt/local/share/texmf/tex/latex//:!!/opt/local/share/texmf-var/tex/latex//:!!/opt/local/share/texmf/tex/latex//:!!/opt/local/share/texmf-local/tex/latex//:!!/opt/local/share/texmf-dist/tex/latex//:/Users/andrea/.texmf-config/tex/generic//:/Users/andrea/.texmf-var/tex/generic//:/Users/andrea/texmf/tex/generic//:!!/opt/local/share/texmf/tex/generic//:!!/opt/local/share/texmf-var/tex/generic//:!!/opt/local/share/texmf/tex/generic//:!!/opt/local/share/texmf-local/tex/generic//:!!/opt/local/share/texmf-dist/tex/generic//:/Users/andrea/.texmf-config/tex///:/Users/andrea/.texmf-var/tex///:/Users/andrea/texmf/tex///:!!/opt/local/share/texmf/tex///:!!/opt/local/share/texmf-var/tex///:!!/opt/local/share/texmf/tex///:!!/opt/local/share/texmf-local/tex///:!!/opt/local/share/texmf-dist/tex///
Wrote /Users/andrea/.emacs.d/auctex-11.85/preview/conftest-35063
=> NONE
/usr/bin/emacs -batch -no-site-file -eval (let* ((prefix(pop command-line-args-left)) (expanded(pop command-line-args-left)) (pathoutput(pop command-line-args-left))(x (catch 22
       (let (reldir (dirs (mapcar (lambda(x)
              (and (string-match "\`!*\(.*\)/tex/latex//+\'" x)
	           (match-string 1 x)))
      (append (split-string pathoutput ";")
             (split-string pathoutput ":")))))
	  (dolist (name (list nil) "NONE")
	    (dolist (dir dirs)
	      (when (and dir
	      	         (setq dir (directory-file-name dir))
                         (file-name-absolute-p dir)
	      	         (file-directory-p dir)
	                 (not (string-match "\`\.\."
                           (setq reldir (file-relative-name dir expanded))))
			 (not (file-name-absolute-p reldir))
                         (let ((name name) (dir dir))
		           (while (and dir name
		                       (string= (file-name-nondirectory dir)
		                                (file-name-nondirectory name))
                              (setq dir (file-name-directory dir)
				   name (file-name-directory name))
			      (if (and dir name)
			         (setq dir (directory-file-name dir)
			              name (directory-file-name name)))))
		            (null name))
		   (throw 22
                      (if (string= reldir ".") (directory-file-name prefix)
                        (concat (file-name-as-directory prefix)
                                reldir))))))))))) (write-region (if (stringp x) x (prin1-to-string x)) nil "./conftest-35063")) /opt/local/share/texmf-local /opt/local/share/texmf-local .:/Users/andrea/.texmf-config/tex/latex//:/Users/andrea/.texmf-var/tex/latex//:/Users/andrea/texmf/tex/latex//:!!/opt/local/share/texmf/tex/latex//:!!/opt/local/share/texmf-var/tex/latex//:!!/opt/local/share/texmf/tex/latex//:!!/opt/local/share/texmf-local/tex/latex//:!!/opt/local/share/texmf-dist/tex/latex//:/Users/andrea/.texmf-config/tex/generic//:/Users/andrea/.texmf-var/tex/generic//:/Users/andrea/texmf/tex/generic//:!!/opt/local/share/texmf/tex/generic//:!!/opt/local/share/texmf-var/tex/generic//:!!/opt/local/share/texmf/tex/generic//:!!/opt/local/share/texmf-local/tex/generic//:!!/opt/local/share/texmf-dist/tex/generic//:/Users/andrea/.texmf-config/tex///:/Users/andrea/.texmf-var/tex///:/Users/andrea/texmf/tex///:!!/opt/local/share/texmf/tex///:!!/opt/local/share/texmf-var/tex///:!!/opt/local/share/texmf/tex///:!!/opt/local/share/texmf-local/tex///:!!/opt/local/share/texmf-dist/tex///
Wrote /Users/andrea/.emacs.d/auctex-11.85/preview/conftest-35063
=> NONE
/usr/bin/emacs -batch -no-site-file -eval (let* ((prefix(pop command-line-args-left)) (expanded(pop command-line-args-left)) (pathoutput(pop command-line-args-left))(x (catch 22
       (let (reldir (dirs (mapcar (lambda(x)
              (and (string-match "\`!*\(.*\)/tex/latex//+\'" x)
	           (match-string 1 x)))
      (append (split-string pathoutput ";")
             (split-string pathoutput ":")))))
	  (dolist (name (list nil) "NONE")
	    (dolist (dir dirs)
	      (when (and dir
	      	         (setq dir (directory-file-name dir))
                         (file-name-absolute-p dir)
	      	         (file-directory-p dir)
	                 (not (string-match "\`\.\."
                           (setq reldir (file-relative-name dir expanded))))
			 (not (file-name-absolute-p reldir))
                         (let ((name name) (dir dir))
		           (while (and dir name
		                       (string= (file-name-nondirectory dir)
		                                (file-name-nondirectory name))
                              (setq dir (file-name-directory dir)
				   name (file-name-directory name))
			      (if (and dir name)
			         (setq dir (directory-file-name dir)
			              name (directory-file-name name)))))
		            (null name))
		   (throw 22
                      (if (string= reldir ".") (directory-file-name prefix)
                        (concat (file-name-as-directory prefix)
                                reldir))))))))))) (write-region (if (stringp x) x (prin1-to-string x)) nil "./conftest-35063")) /opt/local/share/texmf /opt/local/share/texmf .:/Users/andrea/.texmf-config/tex/latex//:/Users/andrea/.texmf-var/tex/latex//:/Users/andrea/texmf/tex/latex//:!!/opt/local/share/texmf/tex/latex//:!!/opt/local/share/texmf-var/tex/latex//:!!/opt/local/share/texmf/tex/latex//:!!/opt/local/share/texmf-local/tex/latex//:!!/opt/local/share/texmf-dist/tex/latex//:/Users/andrea/.texmf-config/tex/generic//:/Users/andrea/.texmf-var/tex/generic//:/Users/andrea/texmf/tex/generic//:!!/opt/local/share/texmf/tex/generic//:!!/opt/local/share/texmf-var/tex/generic//:!!/opt/local/share/texmf/tex/generic//:!!/opt/local/share/texmf-local/tex/generic//:!!/opt/local/share/texmf-dist/tex/generic//:/Users/andrea/.texmf-config/tex///:/Users/andrea/.texmf-var/tex///:/Users/andrea/texmf/tex///:!!/opt/local/share/texmf/tex///:!!/opt/local/share/texmf-var/tex///:!!/opt/local/share/texmf/tex///:!!/opt/local/share/texmf-local/tex///:!!/opt/local/share/texmf-dist/tex///
Wrote /Users/andrea/.emacs.d/auctex-11.85/preview/conftest-35063
=> /opt/local/share/texmf
configure:3059: result: /opt/local/share/texmf
configure:3162: checking for texhash
configure:3180: found /opt/local/bin/texhash
configure:3192: result: /opt/local/bin/texhash
configure:3202: checking for initexmf
configure:3229: result: /opt/local/bin/texhash
configure:3288: checking for glaring installation conflicts
/usr/bin/emacs -batch -eval (let* ((packagelispdir(pop command-line-args-left)) (previewstartfile(pop command-line-args-left))(x 
  (concat
    (and (setq tmp (locate-library "preview.elc"))
         (not (string= (file-truename tmp)
	               (file-truename (expand-file-name "preview.elc"
                                      packagelispdir))))
         (format "Conflicting previous installation in `%s' found!
"
                 (file-name-directory tmp)))
    (and (setq tmp (locate-library "preview-latex.el"))
         (not (string= (file-truename tmp)
                       (file-truename previewstartfile)))
         (format "Conflicting previous startup file `%s' found!
" tmp))))) (write-region (if (stringp x) x (prin1-to-string x)) nil "./conftest-35063")) /usr/share/emacs/site-lisp/auctex /usr/share/emacs/site-lisp/preview-latex.el
Wrote /Users/andrea/.emacs.d/auctex-11.85/preview/conftest-35063
=> 
configure:3350: result: probably none
configure:3564: creating ./config.status

## ---------------------- ##
## Running config.status. ##
## ---------------------- ##

This file was extended by preview-latex config.status 11.84, which was
generated by GNU Autoconf 2.61.  Invocation command line was

  CONFIG_FILES    = 
  CONFIG_HEADERS  = 
  CONFIG_LINKS    = 
  CONFIG_COMMANDS = 
  $ ./config.status 

on 44-028.eduroam.rwth-aachen.de

config.status:595: creating Makefile
config.status:595: creating auto.el
config.status:595: creating latex/Makefile

## ---------------- ##
## Cache variables. ##
## ---------------- ##


## ----------------- ##
## Output variables. ##
## ----------------- ##

DEFS='-DPACKAGE_NAME=\"preview-latex\" -DPACKAGE_TARNAME=\"preview-latex\" -DPACKAGE_VERSION=\"11.84\" -DPACKAGE_STRING=\"preview-latex\ 11.84\" -DPACKAGE_BUGREPORT=\"bug-auctex@gnu.org\"'
ECHO_C='ECHO_N=''
ECHO_T=''
EMACS='/usr/bin/emacs'
EMACS_FLAVOR='emacs'
GS='gs'
INSTALL_DATA='${INSTALL} -m 644'
INSTALL_PROGRAM='${INSTALL}'
INSTALL_SCRIPT='${INSTALL}'
LATEX='/opt/local/bin/latex'
LIBOBJS=''
LIBS=''
LTLIBOBJS=''
PACKAGE_BUGREPORT='bug-auctex@gnu.org'
PACKAGE_NAME='preview-latex'
PACKAGE_STRING='preview-latex 11.84'
PACKAGE_TARNAME='preview-latex'
PACKAGE_VERSION='11.84'
PATH_SEPARATOR=':'
PDFLATEX='/opt/local/bin/pdflatex'
PLAT_LISP='prv-emacs.el'
SET_MAKE=''
SHELL='/bin/sh'
TEX='/opt/local/bin/tex'
TEXHASH='/opt/local/bin/texhash'
TEXMFGEN='preview.sty prauctex.def prauctex.cfg prshowbox.def prshowlabels.def prtracingall.def prtightpage.def prlyx.def prcounters.def prfootnotes.def'
XEMACS='no'
auctexdir='..'
bindir='${exec_prefix}/bin'
build_alias=''
datadir='${datarootdir}'
datarootdir='${prefix}/share'
docdir='${datarootdir}/doc/${PACKAGE_TARNAME}'
dvidir='${docdir}'
exec_prefix='${prefix}'
host_alias=''
htmldir='${docdir}'
includedir='${prefix}/include'
infodir='${datarootdir}/info'
libdir='${exec_prefix}/lib'
libexecdir='${exec_prefix}/libexec'
lispGS=''
lispdir='/usr/share/emacs/site-lisp'
lisppackagedatadir='(expand-file-name "auctex" (file-name-directory load-file-name))'
lisppackagelispdir='(expand-file-name "auctex" (file-name-directory load-file-name))'
lisppackagetexstyles=''
localedir='${datarootdir}/locale'
localstatedir='${prefix}/var'
mandir='${datarootdir}/man'
oldincludedir='/usr/include'
packagedatadir='/usr/share/emacs/site-lisp/auctex'
packagedir='no'
packagelispdir='/usr/share/emacs/site-lisp/auctex'
packagetexstyles=''
pdfdir='${docdir}'
prefix='/usr/local'
previewdocdir='/opt/local/share/texmf/doc/latex/styles'
previewstartfile='/usr/share/emacs/site-lisp/preview-latex.el'
previewtexmfdir='/opt/local/share/texmf/tex/latex/preview'
program_transform_name='s,x,x,'
psdir='${docdir}'
sbindir='${exec_prefix}/sbin'
sharedstatedir='${prefix}/com'
sysconfdir='${prefix}/etc'
target_alias=''
texmfdir='/opt/local/share/texmf'

## ----------- ##
## confdefs.h. ##
## ----------- ##

#define PACKAGE_NAME "preview-latex"
#define PACKAGE_TARNAME "preview-latex"
#define PACKAGE_VERSION "11.84"
#define PACKAGE_STRING "preview-latex 11.84"
#define PACKAGE_BUGREPORT "bug-auctex@gnu.org"

configure: exit 0
