This file contains any messages produced by compilers while
running configure, to aid debugging if configure makes a mistake.

It was created by auctex configure 11.85, which was
generated by GNU Autoconf 2.61.  Invocation command line was

  $ ./configure 

## --------- ##
## Platform. ##
## --------- ##

hostname = 44-028.eduroam.rwth-aachen.de
uname -m = i386
uname -r = 10.0.0
uname -s = Darwin
uname -v = Darwin Kernel Version 10.0.0: Fri Jul 31 22:47:34 PDT 2009; root:xnu-1456.1.25~1/RELEASE_I386

/usr/bin/uname -p = i386
/bin/uname -X     = unknown

/bin/arch              = unknown
/usr/bin/arch -k       = unknown
/usr/convex/getsysinfo = unknown
/usr/bin/hostinfo      = Mach kernel version:
	 Darwin Kernel Version 10.0.0: Fri Jul 31 22:47:34 PDT 2009; root:xnu-1456.1.25~1/RELEASE_I386
Kernel configured for up to 2 processors.
2 processors are physically available.
2 processors are logically available.
Processor type: i486 (Intel 80486)
Processors active: 0 1
Primary memory available: 4.00 gigabytes
Default processor set: 100 tasks, 375 threads, 2 processors
Load average: 0.22, Mach factor: 1.82
/bin/machine           = unknown
/usr/bin/oslevel       = unknown
/bin/universe          = unknown

PATH: /opt/local/bin
PATH: /opt/local/sbin
PATH: ~/bin
PATH: ~/.cabal/bin
PATH: ~/local/jswat/bin
PATH: 
/Applications/Octave.app/Contents/Resources/bin/
PATH: /Applications/Mathematica.app/Contents/MacOS/
PATH: /Applications/Maxima.app/Contents/Resources/bin/
PATH: 
/Applications/sage/
PATH: /usr/bin
PATH: /bin
PATH: /usr/sbin
PATH: /sbin
PATH: /usr/local/bin
PATH: /opt/local/bin
PATH: /opt/local/sbin
PATH: /opt/local/bin/
PATH: /opt/local/sbin/
PATH: /usr/X11/bin


## ----------- ##
## Core tests. ##
## ----------- ##

configure:1699: checking for make
configure:1715: found /usr/bin/make
configure:1726: result: make
configure:1744: checking whether make sets $(MAKE)
configure:1765: result: yes
configure:1818: checking for a BSD-compatible install
configure:1874: result: /usr/bin/install -c
configure:1887: checking for date in ChangeLog
configure:1896: result: 2008-02-10
configure:1898: checking for release in ChangeLog
configure:1907: result: 11.85
configure:1962: checking for emacs
configure:1980: found /usr/bin/emacs
configure:1992: result: /usr/bin/emacs
configure:2010: checking if /usr/bin/emacs is XEmacs
/usr/bin/emacs -batch -no-site-file -eval (let* ((x (if (featurep (quote xemacs)) "yes" "no"))) (write-region (if (stringp x) x (prin1-to-string x)) nil "./conftest-34609"))
Wrote /Users/andrea/.emacs.d/auctex-11.85/conftest-34609
=> no
configure:2032: result: no
configure:2036: checking for Emacs prefix
/usr/bin/emacs -batch -no-site-file -eval (let* ((cmd(pop command-line-args-left))(x (condition-case nil (let*
    ((prefix (directory-file-name (file-name-directory (executable-find cmd))))
     (parent (directory-file-name (file-name-directory prefix))))
    (if (string= (file-name-nondirectory prefix) "bin")
        (setq prefix parent)
      (if (string= (file-name-nondirectory parent) "bin")
         (setq prefix (directory-file-name (file-name-directory parent)))))
    prefix) (error NONE)))) (write-region (if (stringp x) x (prin1-to-string x)) nil "./conftest-34609")) /usr/bin/emacs
Wrote /Users/andrea/.emacs.d/auctex-11.85/conftest-34609
=> /usr
configure:2055: result: "/usr"
configure:2087: checking if Emacs is recent enough
/usr/bin/emacs -batch -no-site-file -eval (let* ((x (cond ((< emacs-major-version 21) "no")
			 ((> emacs-major-version 21) "yes")
			 ((< emacs-minor-version 01) "no")
			 (t "yes")))) (write-region (if (stringp x) x (prin1-to-string x)) nil "./conftest-34609"))
Wrote /Users/andrea/.emacs.d/auctex-11.85/conftest-34609
=> yes
configure:2101: result: yes
configure:2113: checking for MULE support
/usr/bin/emacs -batch -eval (let* ((x (condition-case nil (require 'mule ) 	(error (prog1 nil (message "mule not found")))))) (write-region (if (stringp x) x (prin1-to-string x)) nil "./conftest-34609"))
Wrote /Users/andrea/.emacs.d/auctex-11.85/conftest-34609
=> mule
configure:2147: result: yes
configure:2194: checking if build directory is valid
/usr/bin/emacs -batch -eval (let* ((x (if (or (member (directory-file-name default-directory) load-path)	      (member (file-name-as-directory default-directory) load-path))	 "no" "yes"))) (write-region (if (stringp x) x (prin1-to-string x)) nil "./conftest-34609"))
Wrote /Users/andrea/.emacs.d/auctex-11.85/conftest-34609
=> yes
configure:2212: result: yes
configure:2302: checking where lisp files go
/usr/bin/emacs -batch -eval (let* ((prefix(pop command-line-args-left)) (expanded(pop command-line-args-left)) (x (catch 22
       (let (reldir (dirs load-path))
	  (dolist (name (list "emacs/site-lisp" "emacs/site-packages"
	         "site-lisp" "site-packages") "NONE")
	    (dolist (dir dirs)
	      (when (and dir
	      	         (setq dir (directory-file-name dir))
                         (file-name-absolute-p dir)
	      	         (file-directory-p dir)
	                 (not (string-match "\`\.\."
                           (setq reldir (file-relative-name dir expanded))))
			 (not (file-name-absolute-p reldir))
                         (let ((name name) (dir dir))
		           (while (and dir name
		                       (string= (file-name-nondirectory dir)
		                                (file-name-nondirectory name))
                              (setq dir (file-name-directory dir)
				   name (file-name-directory name))
			      (if (and dir name)
			         (setq dir (directory-file-name dir)
			              name (directory-file-name name)))))
		            (null name))
		   (throw 22
                      (if (string= reldir ".") (directory-file-name prefix)
                        (concat (file-name-as-directory prefix)
                                reldir))))))))))) (write-region (if (stringp x) x (prin1-to-string x)) nil "./conftest-34609")) ${datadir}/emacs /usr/local/share/emacs
Wrote /Users/andrea/.emacs.d/auctex-11.85/conftest-34609
=> NONE
/usr/bin/emacs -batch -eval (let* ((prefix(pop command-line-args-left)) (expanded(pop command-line-args-left)) (x (catch 22
       (let (reldir (dirs load-path))
	  (dolist (name (list "emacs/site-lisp" "emacs/site-packages"
	         "site-lisp" "site-packages") "NONE")
	    (dolist (dir dirs)
	      (when (and dir
	      	         (setq dir (directory-file-name dir))
                         (file-name-absolute-p dir)
	      	         (file-directory-p dir)
	                 (not (string-match "\`\.\."
                           (setq reldir (file-relative-name dir expanded))))
			 (not (file-name-absolute-p reldir))
                         (let ((name name) (dir dir))
		           (while (and dir name
		                       (string= (file-name-nondirectory dir)
		                                (file-name-nondirectory name))
                              (setq dir (file-name-directory dir)
				   name (file-name-directory name))
			      (if (and dir name)
			         (setq dir (directory-file-name dir)
			              name (directory-file-name name)))))
		            (null name))
		   (throw 22
                      (if (string= reldir ".") (directory-file-name prefix)
                        (concat (file-name-as-directory prefix)
                                reldir))))))))))) (write-region (if (stringp x) x (prin1-to-string x)) nil "./conftest-34609")) ${libdir}/emacs /usr/local/lib/emacs
Wrote /Users/andrea/.emacs.d/auctex-11.85/conftest-34609
=> NONE
/usr/bin/emacs -batch -eval (let* ((prefix(pop command-line-args-left)) (expanded(pop command-line-args-left)) (x (catch 22
       (let (reldir (dirs load-path))
	  (dolist (name (list "emacs/site-lisp" "emacs/site-packages"
	         "site-lisp" "site-packages") "NONE")
	    (dolist (dir dirs)
	      (when (and dir
	      	         (setq dir (directory-file-name dir))
                         (file-name-absolute-p dir)
	      	         (file-directory-p dir)
	                 (not (string-match "\`\.\."
                           (setq reldir (file-relative-name dir expanded))))
			 (not (file-name-absolute-p reldir))
                         (let ((name name) (dir dir))
		           (while (and dir name
		                       (string= (file-name-nondirectory dir)
		                                (file-name-nondirectory name))
                              (setq dir (file-name-directory dir)
				   name (file-name-directory name))
			      (if (and dir name)
			         (setq dir (directory-file-name dir)
			              name (directory-file-name name)))))
		            (null name))
		   (throw 22
                      (if (string= reldir ".") (directory-file-name prefix)
                        (concat (file-name-as-directory prefix)
                                reldir))))))))))) (write-region (if (stringp x) x (prin1-to-string x)) nil "./conftest-34609")) /usr/share/emacs /usr/share/emacs
Wrote /Users/andrea/.emacs.d/auctex-11.85/conftest-34609
=> /usr/share/emacs/site-lisp
configure:2377: result: /usr/share/emacs/site-lisp
configure:2381: checking what file to use for auctex startup
configure:2408: result: /usr/share/emacs/site-lisp/auctex.el
configure:2426: checking where the package lisp files go
/usr/bin/emacs -batch -no-site-file -eval (let* ((path(pop command-line-args-left)) (lispdir(pop command-line-args-left)) (startup(pop command-line-args-left)) (target(pop command-line-args-left))(x (progn (setq path (directory-file-name path))
  (if (or target
          (not (string= (car load-path) (directory-file-name (car load-path)))))
    (setq path (file-name-as-directory path)))
  (setq path (expand-file-name path lispdir))
  (setq startupdir (file-name-directory (expand-file-name startup lispdir)))
  (prin1-to-string
    (if (or (string-match "\`\.\."
              (setq relname (file-relative-name startupdir lispdir)))
            (file-name-absolute-p relname)
	    (string-match "\`\.\."
              (setq relname (file-relative-name path lispdir)))
 	    (file-name-absolute-p relname))
	  (concat path target)
	(cond (target
	       `(expand-file-name
                   ,(file-relative-name (concat path target) startupdir)
	           (file-name-directory load-file-name)))
              ((string= path startupdir)
	         '(file-name-directory load-file-name))
	      ((string= path (directory-file-name startupdir))
                 '(directory-file-name (file-name-directory load-file-name)))
              (t
	       `(expand-file-name
                   ,(file-relative-name path startupdir)
	           (file-name-directory load-file-name))))))))) (write-region (if (stringp x) x (prin1-to-string x)) nil "./conftest-34609")) /usr/share/emacs/site-lisp/auctex /usr/share/emacs/site-lisp /usr/share/emacs/site-lisp/tex-site.el
Wrote /Users/andrea/.emacs.d/auctex-11.85/conftest-34609
=> (expand-file-name "auctex" (file-name-directory load-file-name))
configure:2507: result: /usr/share/emacs/site-lisp/auctex
configure:2510: checking where the data files go
/usr/bin/emacs -batch -no-site-file -eval (let* ((path(pop command-line-args-left)) (lispdir(pop command-line-args-left)) (startup(pop command-line-args-left)) (target(pop command-line-args-left))(x (progn (setq path (directory-file-name path))
  (if (or target
          (not (string= (car load-path) (directory-file-name (car load-path)))))
    (setq path (file-name-as-directory path)))
  (setq path (expand-file-name path lispdir))
  (setq startupdir (file-name-directory (expand-file-name startup lispdir)))
  (prin1-to-string
    (if (or (string-match "\`\.\."
              (setq relname (file-relative-name startupdir lispdir)))
            (file-name-absolute-p relname)
	    (string-match "\`\.\."
              (setq relname (file-relative-name path lispdir)))
 	    (file-name-absolute-p relname))
	  (concat path target)
	(cond (target
	       `(expand-file-name
                   ,(file-relative-name (concat path target) startupdir)
	           (file-name-directory load-file-name)))
              ((string= path startupdir)
	         '(file-name-directory load-file-name))
	      ((string= path (directory-file-name startupdir))
                 '(directory-file-name (file-name-directory load-file-name)))
              (t
	       `(expand-file-name
                   ,(file-relative-name path startupdir)
	           (file-name-directory load-file-name))))))))) (write-region (if (stringp x) x (prin1-to-string x)) nil "./conftest-34609")) /usr/share/emacs/site-lisp/auctex /usr/share/emacs/site-lisp /usr/share/emacs/site-lisp/tex-site.el
Wrote /Users/andrea/.emacs.d/auctex-11.85/conftest-34609
=> (expand-file-name "auctex" (file-name-directory load-file-name))
configure:2591: result: /usr/share/emacs/site-lisp/auctex
/usr/bin/emacs -batch -no-site-file -eval (let* ((path(pop command-line-args-left)) (lispdir(pop command-line-args-left)) (startup(pop command-line-args-left)) (target(pop command-line-args-left))(x (progn (setq path (directory-file-name path))
  (if (or target
          (not (string= (car load-path) (directory-file-name (car load-path)))))
    (setq path (file-name-as-directory path)))
  (setq path (expand-file-name path lispdir))
  (setq startupdir (file-name-directory (expand-file-name startup lispdir)))
  (prin1-to-string
    (if (or (string-match "\`\.\."
              (setq relname (file-relative-name startupdir lispdir)))
            (file-name-absolute-p relname)
	    (string-match "\`\.\."
              (setq relname (file-relative-name path lispdir)))
 	    (file-name-absolute-p relname))
	  (concat path target)
	(cond (target
	       `(expand-file-name
                   ,(file-relative-name (concat path target) startupdir)
	           (file-name-directory load-file-name)))
              ((string= path startupdir)
	         '(file-name-directory load-file-name))
	      ((string= path (directory-file-name startupdir))
                 '(directory-file-name (file-name-directory load-file-name)))
              (t
	       `(expand-file-name
                   ,(file-relative-name path startupdir)
	           (file-name-directory load-file-name))))))))) (write-region (if (stringp x) x (prin1-to-string x)) nil "./conftest-34609"))  /usr/share/emacs/site-lisp /usr/share/emacs/site-lisp/auctex.el tex-site.el
Wrote /Users/andrea/.emacs.d/auctex-11.85/conftest-34609
=> (expand-file-name "tex-site.el" (file-name-directory load-file-name))
configure:2668: checking where the info files go
configure:2670: result: ${datarootdir}/info
configure:2681: checking where automatically generated global style hooks go
configure:2691: result: ${localstatedir}/auctex
/usr/bin/emacs -batch -no-site-file -eval (let* ((path(pop command-line-args-left)) (lispdir(pop command-line-args-left)) (startup(pop command-line-args-left)) (target(pop command-line-args-left))(x (progn (setq path (directory-file-name path))
  (if (or target
          (not (string= (car load-path) (directory-file-name (car load-path)))))
    (setq path (file-name-as-directory path)))
  (setq path (expand-file-name path lispdir))
  (setq startupdir (file-name-directory (expand-file-name startup lispdir)))
  (prin1-to-string
    (if (or (string-match "\`\.\."
              (setq relname (file-relative-name startupdir lispdir)))
            (file-name-absolute-p relname)
	    (string-match "\`\.\."
              (setq relname (file-relative-name path lispdir)))
 	    (file-name-absolute-p relname))
	  (concat path target)
	(cond (target
	       `(expand-file-name
                   ,(file-relative-name (concat path target) startupdir)
	           (file-name-directory load-file-name)))
              ((string= path startupdir)
	         '(file-name-directory load-file-name))
	      ((string= path (directory-file-name startupdir))
                 '(directory-file-name (file-name-directory load-file-name)))
              (t
	       `(expand-file-name
                   ,(file-relative-name path startupdir)
	           (file-name-directory load-file-name))))))))) (write-region (if (stringp x) x (prin1-to-string x)) nil "./conftest-34609")) /usr/local/var/auctex /usr/share/emacs/site-lisp /usr/share/emacs/site-lisp/tex-site.el
Wrote /Users/andrea/.emacs.d/auctex-11.85/conftest-34609
=> "/usr/local/var/auctex"
configure:2771: checking for tex
configure:2789: found /opt/local/bin/tex
configure:2802: result: /opt/local/bin/tex
configure:2812: checking for pdftex
configure:2830: found /opt/local/bin/pdftex
configure:2843: result: /opt/local/bin/pdftex
configure:2853: checking for dvips
configure:2871: found /opt/local/bin/dvips
configure:2884: result: /opt/local/bin/dvips
configure:2899: checking for perl
configure:2917: found /opt/local/bin/perl
configure:2930: result: /opt/local/bin/perl
configure:2944: checking for makeinfo
configure:2962: found /opt/local/bin/makeinfo
configure:2975: result: /opt/local/bin/makeinfo
configure:2985: checking for texi2html
configure:3003: found /opt/local/bin/texi2html
configure:3016: result: /opt/local/bin/texi2html
configure:3026: checking for texi2dvi
configure:3044: found /opt/local/bin/texi2dvi
configure:3057: result: /opt/local/bin/texi2dvi
configure:3067: checking for texi2pdf
configure:3085: found /opt/local/bin/texi2pdf
configure:3098: result: /opt/local/bin/texi2pdf
configure:3113: checking for install-info
configure:3131: found /opt/local/bin/install-info
configure:3144: result: /opt/local/bin/install-info
configure:3397: creating ./config.status

## ---------------------- ##
## Running config.status. ##
## ---------------------- ##

This file was extended by auctex config.status 11.85, which was
generated by GNU Autoconf 2.61.  Invocation command line was

  CONFIG_FILES    = 
  CONFIG_HEADERS  = 
  CONFIG_LINKS    = 
  CONFIG_COMMANDS = 
  $ ./config.status 

on 44-028.eduroam.rwth-aachen.de

config.status:603: creating Makefile
config.status:603: creating tex-site.el.out
config.status:603: creating doc/Makefile
config.status:603: creating auctex.el
configure:4370: === configuring in preview (/Users/andrea/.emacs.d/auctex-11.85/preview)
configure:4473: running /bin/sh ./configure '--prefix=/usr/local'  --cache-file=/dev/null --srcdir=.

## ---------------- ##
## Cache variables. ##
## ---------------- ##


## ----------------- ##
## Output variables. ##
## ----------------- ##

AUCTEXDATE='2008-02-10'
AUCTEXVERSION='11.85'
DEFS='-DPACKAGE_NAME=\"auctex\" -DPACKAGE_TARNAME=\"auctex\" -DPACKAGE_VERSION=\"11.85\" -DPACKAGE_STRING=\"auctex\ 11.85\" -DPACKAGE_BUGREPORT=\"bug-auctex@gnu.org\"'
DVIPS='/opt/local/bin/dvips'
ECHO_C='ECHO_N=''
ECHO_T=''
EMACS='/usr/bin/emacs'
EMACS_FLAVOR='emacs'
HAVE_mule='yes'
INSTALL_DATA='${INSTALL} -m 644'
INSTALL_INFO='/opt/local/bin/install-info'
INSTALL_PROGRAM='${INSTALL}'
INSTALL_SCRIPT='${INSTALL}'
LIBOBJS=''
LIBS=''
LTLIBOBJS=''
MAKECMD='make'
MAKEINFO='/opt/local/bin/makeinfo'
MULEELC='tex-jp.elc'
MULESRC='tex-jp.el'
PACKAGE_BUGREPORT='bug-auctex@gnu.org'
PACKAGE_NAME='auctex'
PACKAGE_STRING='auctex 11.85'
PACKAGE_TARNAME='auctex'
PACKAGE_VERSION='11.85'
PATH_SEPARATOR=':'
PDFTEX='/opt/local/bin/pdftex'
PERL='/opt/local/bin/perl'
SET_MAKE=''
SHELL='/bin/sh'
TEX='/opt/local/bin/tex'
TEXI2DVI='/opt/local/bin/texi2dvi'
TEXI2HTML='/opt/local/bin/texi2html'
TEXI2PDF='/opt/local/bin/texi2pdf'
XEMACS='no'
auctexstartfile='/usr/share/emacs/site-lisp/auctex.el'
autodir='${localstatedir}/auctex'
bindir='${exec_prefix}/bin'
build_alias=''
datadir='${datarootdir}'
datarootdir='${prefix}/share'
docdir='${datarootdir}/doc/${PACKAGE_TARNAME}'
dvidir='${docdir}'
exec_prefix='${prefix}'
host_alias=''
htmldir='${docdir}'
includedir='${prefix}/include'
infodir='${datarootdir}/info'
libdir='${exec_prefix}/lib'
libexecdir='${exec_prefix}/libexec'
lispautodir='"/usr/local/var/auctex"'
lispdir='/usr/share/emacs/site-lisp'
lisppackagedatadir='(expand-file-name "auctex" (file-name-directory load-file-name))'
lisppackagelispdir='(expand-file-name "auctex" (file-name-directory load-file-name))'
lisptexsite='(expand-file-name "tex-site.el" (file-name-directory load-file-name))'
localedir='${datarootdir}/locale'
localstatedir='${prefix}/var'
mandir='${datarootdir}/man'
oldincludedir='/usr/include'
packagedatadir='/usr/share/emacs/site-lisp/auctex'
packagedir='no'
packagelispdir='/usr/share/emacs/site-lisp/auctex'
pdfdir='${docdir}'
prefix='/usr/local'
preview_enabled='yes'
program_transform_name='s,x,x,'
psdir='${docdir}'
sbindir='${exec_prefix}/sbin'
sharedstatedir='${prefix}/com'
subdirs=' preview'
sysconfdir='${prefix}/etc'
target_alias=''
texsite=''

## ----------- ##
## confdefs.h. ##
## ----------- ##

#define PACKAGE_NAME "auctex"
#define PACKAGE_TARNAME "auctex"
#define PACKAGE_VERSION "11.85"
#define PACKAGE_STRING "auctex 11.85"
#define PACKAGE_BUGREPORT "bug-auctex@gnu.org"

configure: exit 0
