This file contains any messages produced by compilers while
running configure, to aid debugging if configure makes a mistake.

It was created by VM configure 8.1.1, which was
generated by GNU Autoconf 2.65.  Invocation command line was

  $ ./configure 

## --------- ##
## Platform. ##
## --------- ##

hostname = mbpro.local
uname -m = i386
uname -r = 10.3.0
uname -s = Darwin
uname -v = Darwin Kernel Version 10.3.0: Fri Feb 26 11:58:09 PST 2010; root:xnu-1504.3.12~1/RELEASE_I386

/usr/bin/uname -p = i386
/bin/uname -X     = unknown

/bin/arch              = unknown
/usr/bin/arch -k       = unknown
/usr/convex/getsysinfo = unknown
/usr/bin/hostinfo      = Mach kernel version:
	 Darwin Kernel Version 10.3.0: Fri Feb 26 11:58:09 PST 2010; root:xnu-1504.3.12~1/RELEASE_I386
Kernel configured for up to 2 processors.
2 processors are physically available.
2 processors are logically available.
Processor type: i486 (Intel 80486)
Processors active: 0 1
Primary memory available: 4.00 gigabytes
Default processor set: 125 tasks, 444 threads, 2 processors
Load average: 1.10, Mach factor: 0.89
/bin/machine           = unknown
/usr/bin/oslevel       = unknown
/bin/universe          = unknown

PATH: /Users/andrea/jython2.5.1/bin
PATH: /Applications/Emacs.app/Contents/MacOS/bin
PATH: /opt/local/bin
PATH: /opt/local/sbin
PATH: ~/bin
PATH: ~/.emacs.d/scripts
PATH: /opt/local/lib/postgresql84/bin/
PATH: /Applications/Octave.app/Contents/Resources/bin
PATH: /Applications/Mathematica.app/Contents/MacOS
PATH: /Applications/Maxima.app/Contents/Resources/bin/
PATH: /Applications/sage/
PATH: /Users/andrea/gobin
PATH: /Users/andrea/.gem/ruby/1.8/bin
PATH: /Users/andrea/.gem/ruby/1.9.1/bin
PATH: /Users/andrea/share/lint4j-0.9.1/bin
PATH: ~/.cabal/bin
PATH: ~/local/jswat/bin
PATH: /usr/bin
PATH: /bin
PATH: /usr/sbin
PATH: /sbin
PATH: /usr/local/bin
PATH: /opt/local/bin
PATH: /opt/local/sbin
PATH: /opt/local/bin/
PATH: /opt/local/sbin/
PATH: /usr/texbin
PATH: /usr/X11/bin


## ----------- ##
## Core tests. ##
## ----------- ##

configure:1698: checking whether make sets $(MAKE)
configure:1720: result: yes
configure:1766: checking for a BSD-compatible install
configure:1834: result: /opt/local/bin/ginstall -c
configure:1845: checking whether ln -s works
configure:1849: result: yes
configure:1858: checking for rm
configure:1876: found /bin/rm
configure:1889: result: /bin/rm
configure:1899: checking for ls
configure:1917: found /bin/ls
configure:1930: result: /bin/ls
configure:1940: checking for mkdir
configure:1958: found /bin/mkdir
configure:1971: result: /bin/mkdir
configure:1981: checking for grep
configure:1999: found /usr/bin/grep
configure:2012: result: /usr/bin/grep
configure:2024: checking for xargs
configure:2040: found /usr/bin/xargs
configure:2051: result: xargs
configure:2069: checking for gtar
configure:2099: result: no
configure:2069: checking for tar
configure:2085: found /usr/bin/tar
configure:2096: result: tar
configure:2108: checking that tar is GNU tar
configure:2115: result: yes
configure:2127: checking for makeinfo
configure:2143: found /opt/local/bin/makeinfo
configure:2154: result: makeinfo
configure:2170: checking for texi2dvi
configure:2186: found /opt/local/bin/texi2dvi
configure:2197: result: texi2dvi
configure:2221: checking for emacs
configure:2237: found /usr/bin/emacs
configure:2248: result: emacs
configure:2265: checking checking emacs-type of emacs
configure:2271: result: emacs
configure:2274: checking checking emacs-version of emacs
configure:2285: result: 22
configure:2295: checking where .elc files should go
configure:2321: result: $(prefix)/share/emacs/site-lisp/vm
configure:2331: checking where pixmaps should go
configure:2336: result: $(prefix)/share/vm
configure:2351: checking which options to pass on to (X)Emacs
configure:2362: result: -batch -q -no-site-file -no-init-file -l $(srcdir)/vm-build.el
configure:2367: checking where the TeXinfo docs should go
configure:2378: result: ${datarootdir}/info
configure:2394: checking otherdirs
configure:2409: result: nil
configure:2594: creating ./config.status

## ---------------------- ##
## Running config.status. ##
## ---------------------- ##

This file was extended by VM config.status 8.1.1, which was
generated by GNU Autoconf 2.65.  Invocation command line was

  CONFIG_FILES    = 
  CONFIG_HEADERS  = 
  CONFIG_LINKS    = 
  CONFIG_COMMANDS = 
  $ ./config.status 

on mbpro.local

config.status:745: creating Makefile
config.status:745: creating lisp/Makefile
config.status:745: creating info/Makefile
config.status:745: creating src/Makefile
config.status:745: creating pixmaps/Makefile
config.status:745: creating vm-load.el

## ---------------- ##
## Cache variables. ##
## ---------------- ##

ac_cv_env_build_alias_set=
ac_cv_env_build_alias_value=
ac_cv_env_host_alias_set=
ac_cv_env_host_alias_value=
ac_cv_env_target_alias_set=
ac_cv_env_target_alias_value=
ac_cv_path_GREP=/usr/bin/grep
ac_cv_path_LS=/bin/ls
ac_cv_path_MKDIR=/bin/mkdir
ac_cv_path_RM=/bin/rm
ac_cv_path_install='/opt/local/bin/ginstall -c'
ac_cv_prog_EMACS_PROG=emacs
ac_cv_prog_MAKEINFO=makeinfo
ac_cv_prog_TAR=tar
ac_cv_prog_TEXI2DVI=texi2dvi
ac_cv_prog_XARGS=xargs
ac_cv_prog_make_make_set=yes

## ----------------- ##
## Output variables. ##
## ----------------- ##

DEFS='-DPACKAGE_NAME=\"VM\" -DPACKAGE_TARNAME=\"vm\" -DPACKAGE_VERSION=\"8.1.1\" -DPACKAGE_STRING=\"VM\ 8.1.1\" -DPACKAGE_BUGREPORT=\"vm@lists.launchpad.net\" -DPACKAGE_URL=\"\"'
ECHO_C='\c'
ECHO_N=''
ECHO_T=''
EMACS_FLAVOR='emacs'
EMACS_PROG='emacs'
EMACS_VERSION='22'
FLAGS='-batch -q -no-site-file -no-init-file -l $(srcdir)/vm-build.el'
GREP='/usr/bin/grep'
INSTALL_DATA='${INSTALL} -m 644'
INSTALL_PROGRAM='${INSTALL}'
INSTALL_SCRIPT='${INSTALL}'
LIBOBJS=''
LIBS=''
LINKPATH=''
LN_S='ln -s'
LS='/bin/ls'
LTLIBOBJS=''
MAKEINFO='makeinfo'
MKDIR='/bin/mkdir'
OTHERDIRS='nil'
PACKAGEDIR=''
PACKAGE_BUGREPORT='vm@lists.launchpad.net'
PACKAGE_NAME='VM'
PACKAGE_STRING='VM 8.1.1'
PACKAGE_TARNAME='vm'
PACKAGE_URL=''
PACKAGE_VERSION='8.1.1'
PATH_SEPARATOR=':'
RM='/bin/rm'
SET_MAKE=''
SHELL='/bin/sh'
SYMLINKS='no'
TAR='tar'
TEXI2DVI='texi2dvi'
XARGS='xargs'
bindir='${exec_prefix}/bin'
build_alias=''
datadir='$(prefix)/share'
datarootdir='${prefix}/share'
docdir='${datarootdir}/doc/${PACKAGE_TARNAME}'
dvidir='${docdir}'
exec_prefix='${prefix}'
host_alias=''
htmldir='${docdir}'
includedir='${prefix}/include'
info_dir='${datarootdir}/info'
infodir='${datarootdir}/info'
libdir='${exec_prefix}/lib'
libexecdir='${exec_prefix}/libexec'
lispdir='$(prefix)/share/emacs/site-lisp/vm'
localedir='${datarootdir}/locale'
localstatedir='${prefix}/var'
mandir='${datarootdir}/man'
oldincludedir='/usr/include'
pdfdir='${docdir}'
pixmapdir='$(prefix)/share/vm'
prefix='/usr/local'
program_transform_name='s,x,x,'
psdir='${docdir}'
sbindir='${exec_prefix}/sbin'
sharedstatedir='${prefix}/com'
sysconfdir='${prefix}/etc'
target_alias=''

## ----------- ##
## confdefs.h. ##
## ----------- ##

/* confdefs.h */
#define PACKAGE_NAME "VM"
#define PACKAGE_TARNAME "vm"
#define PACKAGE_VERSION "8.1.1"
#define PACKAGE_STRING "VM 8.1.1"
#define PACKAGE_BUGREPORT "vm@lists.launchpad.net"
#define PACKAGE_URL ""

configure: exit 0
